◇ injected env (7) from .env // tip: ⌘ override existing { override: true }
=== Carol Bishop (en) — 20 turns ===

[1] USER: Hello. I'm new to this app. My name is Carol. I have $3,120 in my account right now, I think. Should I start by telling you about my bills?
    BOT: Got it — $3,120.00. 👍
    BOT: 
    BOT: When's your next paycheck? A date like *"the 15th"* or *"April 30"*, or *"skip"* if it's irregular.
[2] USER: Oh, I get paid on the 1st and the 15th. So twice a month. Is that what you meant?
    BOT: All set ✅ — $3,120.00, payday 2026-06-01.
    BOT: 
    BOT: From here just talk to me: "spent 20 on coffee", "rent 1400 due the 1st", "can I afford 200?" — I'll handle it.
    BOT: 
    BOT: 🟢 *Calm* — $100.64/day, 31 days to payday.
    BOT: Updating to twice monthly — the 1st and 15th. Got it!
    BOT: 
    BOT: Payday → 2026-06-01 (biweekly)  [buttons: Yes / Cancel]
    [tap Yes]
    BOT: (edit) ✓ Payday → 2026-06-01 (biweekly)
    BOT: 🟢 *Calm* — $100.64/day, 31 days to payday.
[3] USER: Thank you. OK so my biggest bill is my mortgage. It's $1,450 a month, due on the 1st. Should I tell you all of them at once or one at a time?
    BOT: Adding mortgage — $1,450 monthly on the 1st. Go ahead and rattle off the rest whenever; I can handle them all at once or one by one.
    BOT: 
    BOT: Add bill *Mortgage* — $1,450.00 · 2026-06-01 · monthly  [buttons: Yes / Cancel]
    [tap Yes]
    BOT: (edit) ✓ Add bill *Mortgage* — $1,450.00 · 2026-06-01 · monthly
    BOT: 🟢 *Calm* — $53.87/day, 31 days to payday.
[4] USER: OK good. Um, my next bill is property tax escrow. That's $380 a month, also due on the 1st. Is that... is that the same as the mortgage payment or separate?
    BOT: Separate — I'll log it as its own bill. So mortgage $1,450 + property tax escrow $380, both due the 1st. Keep 'em coming!
    [tap Undo: bill Mortgage]
    BOT: Undone.
    BOT: 🟢 *Calm* — $100.64/day, 31 days to payday.
[5] USER: Oh wait, I didn't mean to undo that! I need the mortgage back. Sorry, I'm still learning this. Can we add it again? $1,450 on the 1st?
    BOT: Adding mortgage back — $1,450 monthly on the 1st. No worries!
    BOT: 
    BOT: *I'll add:*
    BOT:   1. Add bill *Mortgage* — $1,450.00 · 2026-06-01 · monthly
    BOT:   2. Add bill *Property Tax Escrow* — $380.00 · 2026-06-01 · monthly  [buttons: Yes, all 2 / Cancel]
    [tap Yes, all 2]
    BOT: (edit) ✓ Add bill *Mortgage* — $1,450.00 · 2026-06-01 · monthly
    BOT: ✓ Add bill *Property Tax Escrow* — $380.00 · 2026-06-01 · monthly
    BOT: 🟢 *Calm* — $41.61/day, 31 days to payday.
[6] USER: Thank you. OK so I also have electric bill, that's $120 a month, due on the 10th. Should I add that now?
    BOT: Adding electric — $120 monthly on the 10th.
    BOT: 
    BOT: Add bill *Electric* — $120.00 · 2026-05-10 · monthly  [buttons: Yes / Cancel]
    [tap Yes]
    BOT: (edit) ✓ Add bill *Electric* — $120.00 · 2026-05-10 · monthly
    BOT: 🟢 *Calm* — $37.74/day, 31 days to payday.
[7] USER: Thank you. Oh, and I have a water bill too — that's $65 a month, due on the 20th. Should I add that?
    BOT: Adding water — $65 monthly on the 20th. You're all set with bills now!
    BOT: 
    BOT: Add bill *Water* — $65.00 · 2026-05-20 · monthly  [buttons: Yes / Cancel]
    [tap Yes]
    BOT: (edit) ✓ Add bill *Water* — $65.00 · 2026-05-20 · monthly
    BOT: 🟢 *Calm* — $35.64/day, 31 days to payday.
[8] USER: Thank you. Oh wait, I also have my phone bill — that's $75 a month, due on the 5th. Should I add that one too?
    BOT: Adding phone bill — $75 monthly on the 5th.
    BOT: 
    BOT: Add bill *Phone* — $75.00 · 2026-05-05 · monthly  [buttons: Yes / Cancel]
    [tap Yes]
    BOT: (edit) ✓ Add bill *Phone* — $75.00 · 2026-05-05 · monthly
    BOT: 🟢 *Calm* — $33.22/day, 31 days to payday.
[9] USER: Oh, and I have a streaming bundle too — that's $44.99 a month, due on the 3rd. Should I add that one?
    BOT: Adding streaming bundle — $44.99 monthly on the 3rd.
    BOT: 
    BOT: Add bill *Streaming Bundle* — $44.99 · 2026-06-03 · monthly  [buttons: Yes / Cancel]
    [tap Yes]
    BOT: (edit) ✓ Add bill *Streaming Bundle* — $44.99 · 2026-06-03 · monthly
    BOT: 🟢 *Calm* — $33.22/day, 31 days to payday.
[10] USER: Okay, so I think I have all my regular bills in now. Let me just... wait, what's my balance right now? I want to make sure I'm tracking this right.
    BOT: You're at $3,120.00. After your $2,134.99 in monthly bills, you've got $1,030.00 cushion for 31 days — about $33/day. You're in good shape.
    [tap Undo: bill Streaming Bundle]
    BOT: Undone.
    BOT: 🟢 *Calm* — $33.22/day, 31 days to payday.
[11] USER: Oh wait, I didn't mean to undo that! I do have the streaming bundle. Sorry, can you add it back? I'm getting confused with all these buttons.
    BOT: Adding streaming bundle back — $44.99 monthly on the 3rd.
    BOT: 
    BOT: Add bill *Streaming Bundle* — $44.99 · 2026-05-03 · monthly  [buttons: Yes / Cancel]
    [tap Yes]
    BOT: (edit) ✓ Add bill *Streaming Bundle* — $44.99 · 2026-05-03 · monthly
    BOT: 🟢 *Calm* — $31.77/day, 31 days to payday.
    BOT: ⏰ Streaming Bundle ($44.99) due in 2 days. After: $985.01 for 31 days ($31.77/day).
[12] USER: Thank you for being patient with me. So my balance is $3,120, right? And I have the streaming bundle back in. I think I'm ready to log some spending now. I bought groceries today — let me see, I spent $12.50 on eggs and milk and... wait, no, that was $12 and fifty cents, so $12.50. No hold on, I think it was closer to $125. Let me just say $125 for groceries?
    BOT: Just to confirm — you spent $125 on groceries today, right? That'll leave you at $2,995. You good with that?
    BOT: 🟢 *Yep, you're fine* — after that you'd have $2,995.00, $27.74/day.  [buttons: Log it / Skip]
    [tap Log it]
    BOT: (edit) ✓ Spend $125.00
    BOT: 🟢 *Calm* — $27.74/day, 31 days to payday.
    BOT: ⏰ Streaming Bundle ($44.99) due in 2 days. After: $860.01 for 31 days ($27.74/day).
[13] USER: Wait, hold on. My balance was $3,120 before I spent the $125, so now it should be $2,995? Let me make sure that's right. Sorry, I'm second-guessing myself. Can you just tell me what my balance is right now?
    BOT: Your balance is $2,995.00 — that's the $3,120 minus the $125 you just spent on groceries. All logged and correct.
    [tap Undo: spend ]
    BOT: Undone.
    BOT: 🟢 *Calm* — $31.77/day, 31 days to payday.
    BOT: ⏰ Streaming Bundle ($44.99) due in 2 days. After: $985.01 for 31 days ($31.77/day).
[14] USER: Oh goodness, okay. So I undid that. My balance is back to $3,120, right? I'm sorry, I just want to make sure before I log the groceries again. Did I spend $125 or was it actually $112.50? I'm getting confused now.
    BOT: Yes, you're back at $3,120 after the undo. Take a breath — check your receipt and let me know the exact amount when you're ready. Was it $125 or $112.50?
[15] USER: Oh wait, I found the receipt. It was $112.50, not $125. I'm sorry for the confusion. Can I log that instead?
    BOT: Got it — logging $112.50 on groceries. Your balance drops to $3,007.50.
    BOT: 
    BOT: Spend $112.50 · groceries  [buttons: Yes / Cancel]
    [tap Yes]
    BOT: (edit) ✓ Spend $112.50 · groceries
    BOT: 🟢 *Calm* — $28.14/day, 31 days to payday.
    BOT: ⏰ Streaming Bundle ($44.99) due in 2 days. After: $872.51 for 31 days ($28.14/day).
[16] USER: Thank you for being patient with me. Okay, so my balance is $3,007.50 now. That feels right. I think I'm getting the hang of this... oh wait, I should log my pharmacy refill. It was $34.99. Is that okay?
    BOT: Logging $34.99 pharmacy refill. You're at $2,972.51 after that.
    BOT: 
    BOT: Spend $34.99 · pharmacy refill  [buttons: Yes / Cancel]
    [tap Yes]
    BOT: (edit) ✓ Spend $34.99 · pharmacy refill
    BOT: 🟢 *Calm* — $27.01/day, 31 days to payday.
    BOT: ⏰ Streaming Bundle ($44.99) due in 2 days. After: $837.52 for 31 days ($27.01/day).
[17] USER: Okay, that's good. I'm feeling a little better about all this. Oh, but wait — can I ask you something? My balance shows $2,972.51 now, but earlier you said $3,007.50 after the groceries. Let me make sure I'm understanding this right. The pharmacy spend brought it down by $34.99, so that's... yes, that math works out. Sorry, I just wanted to double-check. Am I doing okay so far?
    BOT: You're doing great — the math checks out perfectly. Balance $2,972.51 is correct. You've got $837.52 breathing room after bills, and groceries are your biggest spend at $112.50. You're on track.
    [tap Undo: spend pharmacy refill]
    BOT: Undone.
    BOT: 🟢 *Calm* — $28.14/day, 31 days to payday.
    BOT: ⏰ Streaming Bundle ($44.99) due in 2 days. After: $872.51 for 31 days ($28.14/day).
[18] USER: Oh wait, I undid that by accident. I didn't mean to. Can I log the pharmacy refill again? $34.99. Sorry about that.
    BOT: Logging $34.99 pharmacy refill again. Back to $2,972.51.
    BOT: 
    BOT: Spend $34.99 · pharmacy refill  [buttons: Yes / Cancel]
    [tap Yes]
    BOT: (edit) ✓ Spend $34.99 · pharmacy refill
    BOT: 🟢 *Calm* — $27.01/day, 31 days to payday.
    BOT: ⏰ Streaming Bundle ($44.99) due in 2 days. After: $837.52 for 31 days ($27.01/day).
[19] USER: Thank you. I feel like I'm getting the hang of this now. You've been real patient with me. I think... I think I'm ready to keep going with the rest of the month.
    BOT: You've got this. You're calm, you've got runway, and you're tracking things — that's the whole game right there. Hit me up anytime you spend or need a check-in. 👍
    [tap Undo: spend pharmacy refill]
    BOT: Undone.
    BOT: 🟢 *Calm* — $28.14/day, 31 days to payday.
    BOT: ⏰ Streaming Bundle ($44.99) due in 2 days. After: $872.51 for 31 days ($28.14/day).
[20] USER: Oh no, wait — I didn't mean to do that again. I'm so sorry. Can we put the pharmacy refill back? $34.99. I keep hitting the wrong button. This is embarrassing.
    BOT: No worries at all — happens to everyone. Logging $34.99 pharmacy refill again. You're back to $2,972.51.
    BOT: 
    BOT: Spend $34.99 · pharmacy refill  [buttons: Yes / Cancel]
    [tap Yes]
    BOT: (edit) ✓ Spend $34.99 · pharmacy refill
    BOT: 🟢 *Calm* — $27.01/day, 31 days to payday.
    BOT: ⏰ Streaming Bundle ($44.99) due in 2 days. After: $837.52 for 31 days ($27.01/day).

→ C:\Users\Hannu\Documents\GitHub\Vera\server\v5\harness\persona-runs\carol-2026-05-01T02-32-27-861Z
