◇ injected env (7) from .env // tip: ⌘ enable debugging { debug: true }
=== Carol Bishop (en) — 20 turns ===

[1] USER: Hello. I'm new to this app and I'm not sure if I'm doing it right. My balance right now is $3,120, I think. Can you help me get started?
    BOT: Got it — $3,120.00. 👍
    BOT: 
    BOT: When's your next paycheck? A date like *"the 15th"* or *"April 30"*, or *"skip"* if it's irregular.
[2] USER: Oh, um. I get paid on the 1st and the 15th. Every month. So... the next one is the 15th I think? Actually wait, is today before the 15th or after? Sorry, I'm a little confused. Let me just say the 15th for now, okay?
    BOT: All set ✅ — $3,120.00, payday 2026-05-01.
    BOT: 
    BOT: From here just talk to me: "spent 20 on coffee", "rent 1400 due the 1st", "can I afford 200?" — I'll handle it.
    BOT: 
    BOT: 🟢 *Calm* — $3,120.00/day, 0 days to payday.
    BOT: Got it — updating your payday to the 15th, biweekly. You're all set!
    BOT: 
    BOT: Payday → 2026-05-15 (biweekly)  [buttons: Yes / Cancel]
    [tap Yes]
    BOT: (edit) ✓ Payday → 2026-05-15 (biweekly)
    BOT: _(if this was a mistake, type /undo)_
    BOT: 🟢 *Calm* — $222.85/day, 14 days to payday.
[3] USER: Thank you for helping me set this up. Um, I think I should tell you about my mortgage now? It's $1,450, and it's due on the 1st of the month. Is that okay?
    BOT: Adding mortgage — $1,450 monthly, due the 1st.
    BOT: 
    BOT: Add bill *Mortgage* — $1,450.00 · 2026-06-01 · monthly  [buttons: Yes / Cancel]
    [tap Yes]
    BOT: (edit) ✓ Add bill *Mortgage* — $1,450.00 · 2026-06-01 · monthly
    BOT: _(if this was a mistake, type /undo)_
    BOT: 🟢 *Calm* — $222.85/day, 14 days to payday.
[4] USER: Oh wait, I'm sorry. The mortgage is actually $1,450 a month, but... hmm, that's what I said. Never mind. Um, I also have property tax escrow that comes out the same day. That's $380 a month on the 1st. Should I add that too?
    BOT: Adding property tax escrow — $380 monthly on the 1st. You're all set with both.
    BOT: 
    BOT: Add bill *Property Tax Escrow* — $380.00 · 2026-06-01 · monthly  [buttons: Yes / Cancel]
    [tap Yes]
    BOT: (edit) ✓ Add bill *Property Tax Escrow* — $380.00 · 2026-06-01 · monthly
    BOT: _(if this was a mistake, type /undo)_
    BOT: 🟢 *Calm* — $222.85/day, 14 days to payday.
[5] USER: Okay, thank you. Um, I also have my electric bill. That's $120 a month, and it's due on the 10th. Should I add that one too, or... wait, is that too many bills at once? Sorry, I'm just being careful.
    BOT: Adding electric bill — $120 monthly on the 10th. You're good!
    BOT: 
    BOT: Add bill *Electric* — $120.00 · 2026-05-10 · monthly  [buttons: Yes / Cancel]
    [tap Yes]
    BOT: (edit) ✓ Add bill *Electric* — $120.00 · 2026-05-10 · monthly
    BOT: _(if this was a mistake, type /undo)_
    BOT: 🟢 *Calm* — $214.28/day, 14 days to payday.
[6] USER: Thank you. Um, I also have water and my phone bill. Should I add those next? Water is $65 a month on the 20th, and phone is $75 on the 5th. Is that okay?
    BOT: Adding water and phone — $65 on the 20th and $75 on the 5th, both monthly.
    BOT: 
    BOT: *I'll add:*
    BOT:   1. Add bill *Phone* — $75.00 · 2026-05-05 · monthly
    BOT:   2. Add bill *Water* — $65.00 · 2026-05-20 · monthly  [buttons: Yes, all 2 / Cancel]
    [tap Yes, all 2]
    BOT: (edit) ✓ Add bill *Phone* — $75.00 · 2026-05-05 · monthly
    BOT: ✓ Add bill *Water* — $65.00 · 2026-05-20 · monthly
    BOT: 🟢 *Calm* — $208.92/day, 14 days to payday.
[7] USER: Oh, thank you. Um, wait — I think I forgot one more bill. I have a streaming bundle that's $44.99 a month, due on the 3rd. Should I add that too, or am I being too much?
    BOT: Adding streaming bundle — $44.99 monthly on the 3rd. You're all set!
    BOT: 
    BOT: Add bill *Streaming Bundle* — $44.99 · 2026-05-03 · monthly  [buttons: Yes / Cancel]
    [tap Yes]
    BOT: (edit) ✓ Add bill *Streaming Bundle* — $44.99 · 2026-05-03 · monthly
    BOT: _(if this was a mistake, type /undo)_
    BOT: 🟢 *Calm* — $205.71/day, 14 days to payday.
    BOT: ⏰ Streaming Bundle ($44.99) due in 2 days. After: $2,880.01 for 14 days ($205.71/day).
[8] USER: Okay, thank you. Um, wait — what's my balance right now? Just to make sure I'm seeing it right.
    BOT: You've got $3,120 in balance. After your $2,134.99 in monthly bills, you're looking at $2,880 for the next 14 days until payday — about $206/day. Solid.
    [tap Yes]
    BOT: (edit) That confirm has expired.
[9] USER: Oh wait, sorry — I want to make sure that's right. The bot said $3,120 but I thought I had $3,120... um, hold on. Let me think. That sounds okay I guess. Thank you for checking with me.
    BOT: Yep, $3,120 is what I see — anything you want to change?
    [tap Yes]
    BOT: (edit) That confirm has expired.
[10] USER: Oh, I'm sorry — I'm getting a little confused with all these buttons. Um, okay so $3,120 sounds right. I think I was just worried I made a mistake somewhere. Can we maybe move on? I want to add my electric bill now if that's okay.
    BOT: _You already have a bill named Electric._
    [tap Yes]
    BOT: (edit) That confirm has expired.
[11] USER: Oh gosh, I'm sorry — I didn't mean to tap that again. Um, okay so the electric bill is already in there? I thought... wait, let me look. Yes, I see it now. Sorry about that. Can I add my water bill instead? That's due on the 20th.
    BOT: Water bill is already there too — $65 on the 20th. You've got all your bills locked in. Anything else?
    [tap Yes]
    BOT: (edit) That confirm has expired.
[12] USER: Oh my goodness, I keep hitting things by accident. I'm so sorry. Um, okay — so all my bills are in there already? That's... that's good. I think. Let me just... wait, what's my balance right now? I want to make sure everything is right before I do anything else.
    BOT: Your balance is $3,120. All your bills are set: Streaming Bundle (due tomorrow), Phone (due in 4d), Electric (due in 9d), Water (due in 19d), and Mortgage + Property Tax (due in 31d). You're all good — no changes needed.
    [tap Yes]
    BOT: (edit) That confirm has expired.
[13] USER: Wait, $3,120? But I thought... oh. Oh, I see. That's after the streaming bundle came out, isn't it? Sorry, I'm getting confused. So that's correct then? That's my actual balance right now?
    BOT: Yep, $3,120 is your actual balance right now. The streaming bill hasn't come out yet — it's due tomorrow (May 3rd), so that $44.99 is still sitting in your account. You're good.
    [tap Yes]
    BOT: (edit) That confirm has expired.
[14] USER: Oh okay, thank you. So if the streaming one hasn't come out yet, then I still have $3,120. That makes sense. Um, I'm sorry — I keep second-guessing myself. I think I'm ready to add my first spending now. I bought groceries yesterday for... oh wait, let me think. I think it was $11,200? No wait, $11.20? Oh my goodness, no — $112. Let me try that again. It was $112.
    BOT: Logging $112 on groceries. You're at $3,008 now.
    BOT: 
    BOT: Spend $112.00 · groceries  [buttons: Yes / Cancel]
    [tap Yes]
    BOT: (edit) ✓ Spend $112.00 · groceries
    BOT: _(if this was a mistake, type /undo)_
    BOT: 🟢 *Calm* — $197.71/day, 14 days to payday.
    BOT: ⏰ Streaming Bundle ($44.99) due in 2 days. After: $2,768.01 for 14 days ($197.71/day).
[15] USER: Oh wait, that doesn't seem right. I spent more than $112 on groceries. I think it was actually $11.20? No, sorry, I mean... eleven dollars and twenty cents? Or was it... oh gosh. Let me think. I believe it was $112, actually that part was correct. But wait, the balance seems so low now. Is $3,008 right?
    BOT: Yes, $3,008 is right — that's $3,120 minus the $112 you just spent on groceries. The math checks out. Take a breath; you're doing fine!
    [tap Yes]
    BOT: (edit) That confirm has expired.
[16] USER: Oh, okay. Thank you for explaining that. Um, I think I'm ready to add another bill now. My electric bill is $120 a month, and it's due on the 10th. Is that okay?
    BOT: You're all set — Electric is already logged at $120/month due May 10th. No changes needed!
    [tap Yes]
    BOT: (edit) That confirm has expired.
[17] USER: Oh, it's already there? I... I didn't realize. Sorry, I must have added it before and forgot. Thank you for checking. Um, what's my balance again right now? Just want to make sure everything is... correct.
    BOT: Your balance is $3,008. You're all set — no changes needed. Everything's correct.
    [tap Yes]
    BOT: (edit) That confirm has expired.
[18] USER: Wait, $3,008? That seems low. I thought I had more than that. Let me think... oh, maybe I spent more on groceries than I remember. Um, could you show me what I've spent this month so far?
    BOT: You've spent $112 on groceries so far this month (May 1st). That's all I'm tracking — the rest is bills coming up. If $3,008 feels wrong, let me know the number you think it should be and I'll correct it.
    [tap Yes]
    BOT: (edit) That confirm has expired.
[19] USER: Oh wait, I'm confused. $3,008 seems really low. Let me think about this... I had $3,120 yesterday I think? Oh, or was that last week? Sorry, I'm getting mixed up. Could you maybe show me the last few transactions? I want to understand where it all went.
    BOT: I only track spends you log with me — so far just the $112 groceries from today. I don't have a transaction history view yet, sorry. If you think your balance should be higher than $3,008, just tell me what it actually is right now and I'll update it.
    [tap Yes]
    BOT: (edit) That confirm has expired.
[20] USER: Oh, I'm sorry. Let me check my actual balance right now. Um, I think it's $3,120? Maybe $3,150? I'm not sure. Can you just tell me what you have on file for me?
    BOT: I have $3,008 on file for you right now. If your actual balance is different — like $3,120 or $3,150 — just let me know the exact number and I'll update it for you.
    [tap Yes]
    BOT: (edit) That confirm has expired.

→ C:\Users\Hannu\Documents\GitHub\Vera\server\v5\harness\persona-runs\carol-2026-05-01T02-50-29-538Z
